Unity Player [version: Unity 5.0.0f4_5b98b70ebeb9]

Exec.exe caused an Access Violation (0xc0000005)
  in module Exec.exe at 0023:018f9a8c.

Error occurred at 2015-05-20_153416.
D:\Instalacje\Unity 5\Projects\VRLab\Exec.exe, run by K56.
78% memory in use.
3935 MB physical memory [832 MB free].
0 MB paging file [2656 MB free].
0 MB user address space [3821 MB free].
Read from location 00000008 caused an access violation.

Context:
EDI:    0x00000001  ESI: 0x04043f20  EAX:   0x01615f20
EBX:    0x47204149  ECX: 0x0458af40  EDX:   0x00000000
EIP:    0x018f9a8c  EBP: 0x0026fab8  SegCs: 0x00000023
EFlags: 0x00210246  ESP: 0x0026fab4  SegSs: 0x0000002b

Bytes at CS:EIP:
8b 42 08 8b ce ff d0 8b 8e 4c 01 00 00 50 6a 00 

Stack:
0x0026fab4: 04589420 0026fae4 018f9738 00000002  .X...&.8.......
0x0026fac4: 04589401 00000000 040434a0 00000000 ..X......4......
0x0026fad4: 00000001 00000001 00000000 00000200 ................
0x0026fae4: 0026fb04 014ad25c 00000002 00000001 ..&.\.J.........
0x0026faf4: 00000010 00000000 00000000 01936ae3 .............j..
0x0026fb04: 0026fb4c 01545ff0 0153377f 00000000 L.&.._T..7S.....
0x0026fb14: 696e6565 00000064 00000000 00000009 eenid...........
0x0026fb24: 0000000f 0000003f 03c5b170 00a987e0 ....?...p.......
0x0026fb34: 03c33bc0 00000001 0000000e 0000000f .;..............
0x0026fb44: 0026fc84 015cc100 0026fc84 015cc19f ..&...\...&...\.
0x0026fb54: 00000000 00000000 00000000 fffde000 ................
0x0026fb64: 03c2b910 01c0003f 000001ff 00000000 ....?...........
0x0026fb74: 00000037 0000003f 00001fff 03c2b8d0 7...?...........
0x0026fb84: 00642e38 0207a720 7fffffff 0000003c 8.d. .......<...
0x0026fb94: 0000003f 00642e38 0207a720 0000000f ?...8.d. .......
0x0026fba4: 0000000f 7fffffff 00000000 02125908 .............Y..
0x0026fbb4: 00641fa0 0000000f 0026fb00 0026fbf0 ..d.......&...&.
0x0026fbc4: 01953e99 00642e38 0207a720 0000000f .>..8.d. .......
0x0026fbd4: 03c2ba10 7fffffff 00000000 02125908 .............Y..
0x0026fbe4: 0000003d 0000003f 0026fc00 03c3bc10 =...?.....&.....
0x0026fbf4: 0194331c 00642e38 0207a720 0000002e .3..8.d. .......
0x0026fc04: 0000002f 00000004 616e614d 00646567 /.......Managed.
0x0026fc14: 00641fa0 756e6547 00000007 0000000f ..d.Genu........
0x0026fc24: 00000000 004c73f0 03c2b950 03c2b988 .....sL.P.......
0x0026fc34: 03c2b988 0026fc68 6f6e6f4d 6e6f6d2f ....h.&.Mono/mon
0x0026fc44: 6c642e6f 0193006c 0000000d 0000000f o.dll...........
0x0026fc54: 0026fc74 00000000 0026fc74 01933917 t.&.....t.&..9..
0x0026fc64: 00a453c3 00000000 0000000f 00000000 .S..............
0x0026fc74: 00000000 004c73f0 00000000 004c7430 .....sL.....0tL.
0x0026fc84: 0026fc9c 01901d98 01370000 00000000 ..&.......7.....
0x0026fc94: 00a453c5 0000000a 0026fd2c 01938ddf .S......,.&.....
0x0026fca4: 01370000 00000000 00a453c5 0000000a ..7......S......
0x0026fcb4: ceef8d87 00000000 00000000 fffde000 ................
0x0026fcc4: 00000044 00a43298 00a43278 00a43266 D....2..x2..f2..
0x0026fcd4: 00000000 00000000 00000000 00000000 ................
0x0026fce4: 00000000 00000000 00000000 00000000 ................
0x0026fcf4: 00000000 00000000 00000000 0026fd28 ............(.&.
0x0026fd04: 0194a034 c0000005 00000000 00000000 4...............
0x0026fd14: 0026fcb4 0026f4fc 0026fd68 0193aa00 ..&...&.h.&.....
0x0026fd24: ccc5dfe3 00000000 0026fd38 774833ca ........8.&..3Hw
0x0026fd34: fffde000 0026fd78 77b69ed2 fffde000 ....x.&....w....
0x0026fd44: 7261c12f 00000000 00000000 fffde000 /.ar............
0x0026fd54: c0000005 774a772f 774a772f 0026fd44 ..../wJw/wJwD.&.
0x0026fd64: 0026f500 ffffffff 77ba1ecd 05f2f977 ..&........ww...
0x0026fd74: 00000000 0026fd90 77b69ea5 01938e32 ......&....w2...
0x0026fd84: fffde000 00000000 00000000 00000000 ................
0x0026fd94: 00000000 01938e32 fffde000 00000000 ....2...........
0x0026fda4: 00000000 00000000 00000000 00000000 ................
0x0026fdb4: 00000000 00000000 00000000 00000000 ................
0x0026fdc4: 00000000 00000000 00000000 00000000 ................
0x0026fdd4: 00000000 00000000 00000000 00000000 ................
0x0026fde4: 00000000 00000000 00000000 00000000 ................
0x0026fdf4: 00000000 00000000 00000000 00000000 ................
0x0026fe04: 00000000 00000000 00000000 00000000 ................
0x0026fe14: 00000000 00000000 00000000 00000000 ................
0x0026fe24: 00000000 00000000 00000000 00000000 ................
0x0026fe34: 00000000 00000000 00000000 00000000 ................
0x0026fe44: 00000000 00000000 00000000 00000000 ................
0x0026fe54: 00000000 00000000 00000000 00000000 ................
0x0026fe64: 00000000 00000000 00000000 00000000 ................
0x0026fe74: 00000000 00000000 00000000 00000000 ................
0x0026fe84: 00000000 00000000 00000000 00000000 ................
0x0026fe94: 00000000 00000000 00000000 00000000 ................
0x0026fea4: 00000000 00000000 00000000 00000000 ................
0x0026feb4: 00000000 00000000 00000000 00000000 ................
0x0026fec4: 00000000 00000000 00000000 00000000 ................
0x0026fed4: 00000000 00000000 00000000 00000000 ................
0x0026fee4: 00000000 00000000 00000000 00000000 ................
0x0026fef4: 00000000 00000000 00000000 00000000 ................
0x0026ff04: 00000000 00000000 00000000 00000000 ................
0x0026ff14: 00000000 00000000 00000000 00000000 ................
0x0026ff24: 00000000 00000000 00000000 00000000 ................
0x0026ff34: 00000000 00000000 00000000 00000000 ................
0x0026ff44: 00000000 00000000 00000000 00000000 ................
0x0026ff54: 00000000 00000000 00000000 00000000 ................
0x0026ff64: 00000000 00000000 00000000 00000000 ................
0x0026ff74: 00000000 00000000 00000000 00000000 ................
0x0026ff84: 00000000 00000000 00000000 00000000 ................
0x0026ff94: 00000000 00000000 00000000 00000000 ................
0x0026ffa4: 00000000 00000000 00000000 00000000 ................
0x0026ffb4: 00000000 00000000 00000000 00000000 ................
0x0026ffc4: 00000000 00000000 00000000 00000000 ................
0x0026ffd4: 00000000 00000000 00000000 00000000 ................
0x0026ffe4: 00000000 00000000 00000000 00000000 ................
0x0026fff4: 00000000 00000000 00000000          ............

Module 1
C:\Windows\system32\d3d11.dll
Image Base: 0x6f1c0000  Image Size: 0x00083000
File Size:  522752      File Time:  2010-11-21_052356
Version:
   Company:    Microsoft Corporation
   Product:    Microsoft® Windows® Operating System
   FileDesc:   Direct3D 11 Runtime
   FileVer:    6.1.7601.17514
   ProdVer:    6.1.7601.17514

Module 2
D:\Instalacje\Unity 5\Projects\VRLab\Exec.exe
Image Base: 0x01370000  Image Size: 0x00fa9000
File Size:  15651616    File Time:  2015-02-24_191342
Version:
   Company:    
   Product:    
   FileDesc:   
   FileVer:    5.0.0.39095
   ProdVer:    5.0.0.39095

Module 3
C:\Program Files (x86)\NVIDIA Corporation\CoProcManager\detoured.dll
Image Base: 0x0f000000  Image Size: 0x00006000
File Size:  14280       File Time:  2014-03-21_175650
Version:
   Company:    
   Product:    
   FileDesc:   
   FileVer:    0.0.0.0
   ProdVer:    0.0.0.0

Module 4
D:\Instalacje\Unity 5\Projects\VRLab\Exec_Data\Mono\mono.dll
Image Base: 0x10000000  Image Size: 0x0022f000
File Size:  2102784     File Time:  2015-02-24_182944
Version:
   Company:    
   Product:    
   FileDesc:   
   FileVer:    0.0.0.0
   ProdVer:    0.0.0.0

Module 5
C:\Windows\system32\nvwgf2um.dll
Image Base: 0x55a10000  Image Size: 0x00f1a000
File Size:  15879264    File Time:  2014-03-21_175650
Version:
   Company:    NVIDIA Corporation
   Product:    NVIDIA D3D10 drivers
   FileDesc:   NVIDIA D3D10 Driver, Version 332.88 
   FileVer:    9.18.13.3288
   ProdVer:    9.18.13.3288

Module 6
C:\Windows\system32\MSVCR120.dll
Image Base: 0x5b450000  Image Size: 0x000ee000
File Size:  970912      File Time:  2013-10-05_033822
Version:
   Company:    Microsoft Corporation
   Product:    Microsoft® Visual Studio® 2013
   FileDesc:   Microsoft® C Runtime Library
   FileVer:    12.0.21005.1
   ProdVer:    12.0.21005.1

Module 7
C:\Windows\system32\LibOVRRT32_0_5.dll
Image Base: 0x5b540000  Image Size: 0x000f7000
File Size:  901632      File Time:  2015-03-27_004858
Version:
   Company:    Oculus VR
   Product:    LibOVRRT
   FileDesc:   LibOVRRT
   FileVer:    5.0.1.0
   ProdVer:    5.0.1.0

Module 8
C:\Windows\system32\MSVCP120.dll
Image Base: 0x5c250000  Image Size: 0x00071000
File Size:  455328      File Time:  2013-10-05_033822
Version:
   Company:    Microsoft Corporation
   Product:    Microsoft® Visual Studio® 2013
   FileDesc:   Microsoft® C Runtime Library
   FileVer:    12.0.21005.1
   ProdVer:    12.0.21005.1

Module 9
D:\Instalacje\Unity 5\Projects\VRLab\Exec_Data\Plugins\OculusPlugin.DLL
Image Base: 0x5c2d0000  Image Size: 0x00024000
File Size:  125440      File Time:  2015-05-12_130908
Version:
   Company:    
   Product:    
   FileDesc:   
   FileVer:    0.0.0.0
   ProdVer:    0.0.0.0

Module 10
C:\Windows\system32\D3Dx10_40.dll
Image Base: 0x5c330000  Image Size: 0x00070000
File Size:  452440      File Time:  2008-10-15_072252
Version:
   Company:    Microsoft Corporation
   Product:    Microsoft® DirectX for Windows®
   FileDesc:   Direct3D 10.1 Extensions
   FileVer:    9.24.950.2656
   ProdVer:    9.24.950.2656

Module 11
C:\Windows\system32\igd10umd32.dll
Image Base: 0x5c3a0000  Image Size: 0x007b8000
File Size:  7794688     File Time:  2012-02-14_203526
Version:
   Company:    Intel Corporation
   Product:    Intel Graphics Accelerator Drivers for Windows 7(R)
   FileDesc:   LDDM User Mode Driver for Intel(R) Graphics Technology
   FileVer:    8.15.10.2653
   ProdVer:    8.15.10.2653

Module 12
C:\Windows\system32\d3d10core.dll
Image Base: 0x5cb60000  Image Size: 0x00033000
File Size:  190464      File Time:  2009-07-14_031508
Version:
   Company:    Microsoft Corporation
   Product:    Microsoft® Windows® Operating System
   FileDesc:   Direct3D 10 Runtime
   FileVer:    6.1.7600.16385
   ProdVer:    6.1.7600.16385

Module 13
C:\Windows\system32\d3d10.dll
Image Base: 0x5cba0000  Image Size: 0x00102000
File Size:  1030144     File Time:  2009-07-14_031508
Version:
   Company:    Microsoft Corporation
   Product:    Microsoft® Windows® Operating System
   FileDesc:   Direct3D 10 Runtime
   FileVer:    6.1.7600.16385
   ProdVer:    6.1.7600.16385

Module 14
C:\Windows\system32\OVRDisplay32.dll
Image Base: 0x5e6b0000  Image Size: 0x00012000
File Size:  64512       File Time:  2015-03-26_125902
Version:
   Company:    Oculus VR, LLC
   Product:    Oculus Display Driver
   FileDesc:   Oculus Display Driver
   FileVer:    1.2.4.0
   ProdVer:    1.2.4.0

Module 15
C:\Windows\system32\dxgidebug.dll
Image Base: 0x64cc0000  Image Size: 0x0001c000
File Size:  112744      File Time:  2013-08-21_230322
Version:
   Company:    Microsoft Corporation
   Product:    Microsoft® DirectX for Windows®
   FileDesc:   DXGI Debug Binary
   FileVer:    9.30.9600.16384
   ProdVer:    9.30.9600.16384

Module 16
C:\Windows\system32\d3d9.dll
Image Base: 0x64e10000  Image Size: 0x001c3000
File Size:  1828352     File Time:  2010-11-21_052424
Version:
   Company:    Microsoft Corporation
   Product:    Microsoft® Windows® Operating System
   FileDesc:   Direct3D 9 Runtime
   FileVer:    6.1.7601.17514
   ProdVer:    6.1.7601.17514

Module 17
C:\Windows\system32\nvumdshim.dll
Image Base: 0x65b40000  Image Size: 0x00139000
File Size:  1250128     File Time:  2014-03-21_175650
Version:
   Company:    NVIDIA Corporation
   Product:    NVIDIA D3D shim drivers
   FileDesc:   NVIDIA D3D Shim Driver, Version 332.88 
   FileVer:    9.18.13.3288
   ProdVer:    9.18.13.3288

Module 18
C:\Windows\system32\OVRDisplayRT32.dll
Image Base: 0x6a800000  Image Size: 0x00017000
File Size:  77824       File Time:  2015-03-26_125908
Version:
   Company:    Oculus VR, LLC
   Product:    Oculus Display Driver
   FileDesc:   Oculus Display Driver
   FileVer:    1.2.4.0
   ProdVer:    1.2.4.0

Module 19
C:\Windows\system32\MSACM32.dll
Image Base: 0x6ecb0000  Image Size: 0x00014000
File Size:  72192       File Time:  2009-07-14_031544
Version:
   Company:    Microsoft Corporation
   Product:    System operacyjny Microsoft® Windows®
   FileDesc:   Filtr audio ACM Microsoft
   FileVer:    6.1.7600.16385
   ProdVer:    6.1.7600.16385

Module 20
C:\Windows\system32\DDRAW.dll
Image Base: 0x6f250000  Image Size: 0x000e7000
File Size:  531968      File Time:  2009-07-14_031512
Version:
   Company:    Microsoft Corporation
   Product:    System operacyjny Microsoft® Windows®
   FileDesc:   Microsoft DirectDraw
   FileVer:    6.1.7600.16385
   ProdVer:    6.1.7600.16385

Module 21
C:\Windows\system32\dxgi.dll
Image Base: 0x6f340000  Image Size: 0x00083000
File Size:  508416      File Time:  2010-11-21_052410
Version:
   Company:    Microsoft Corporation
   Product:    Microsoft® Windows® Operating System
   FileDesc:   DirectX Graphics Infrastructure
   FileVer:    6.1.7601.17514
   ProdVer:    6.1.7601.17514

Module 22
C:\Windows\system32\d3d8thk.dll
Image Base: 0x706e0000  Image Size: 0x00006000
File Size:  11264       File Time:  2009-07-14_031510
Version:
   Company:    Microsoft Corporation
   Product:    Microsoft® Windows® Operating System
   FileDesc:   Microsoft Direct3D OS Thunk Layer
   FileVer:    6.1.7600.16385
   ProdVer:    6.1.7600.16385

Module 23
C:\Windows\system32\MSWSOCK.dll
Image Base: 0x71710000  Image Size: 0x0003c000
File Size:  232448      File Time:  2010-11-21_052410
Version:
   Company:    Microsoft Corporation
   Product:    System operacyjny Microsoft® Windows®
   FileDesc:   Microsoft Windows Sockets 2.0 Dostawca us³ugi
   FileVer:    6.1.7601.17514
   ProdVer:    6.1.7601.17514

Module 24
C:\Windows\system32\dwmapi.dll
Image Base: 0x717a0000  Image Size: 0x00013000
File Size:  67072       File Time:  2009-07-14_031514
Version:
   Company:    Microsoft Corporation
   Product:    System operacyjny Microsoft® Windows®
   FileDesc:   Interfejs API mened¿era okien Microsoft Desktop Window Manager
   FileVer:    6.1.7600.16385
   ProdVer:    6.1.7600.16385

Module 25
C:\Windows\system32\uxtheme.dll
Image Base: 0x717e0000  Image Size: 0x00080000
File Size:  245760      File Time:  2009-07-14_031126
Version:
   Company:    Microsoft Corporation
   Product:    System operacyjny Microsoft® Windows®
   FileDesc:   Biblioteka Microsoft UxTheme
   FileVer:    6.1.7600.16385
   ProdVer:    6.1.7600.16385

Module 26
C:\Program Files (x86)\NVIDIA Corporation\CoProcManager\nvdxgiwrap.dll
Image Base: 0x718d0000  Image Size: 0x0003b000
File Size:  226296      File Time:  2014-03-21_175650
Version:
   Company:    NVIDIA Corporation
   Product:    NVIDIA D3D shim drivers
   FileDesc:   NVIDIA dxgiwrap dll, Version 332.88 
   FileVer:    9.18.13.3288
   ProdVer:    9.18.13.3288

Module 27
C:\Program Files (x86)\NVIDIA Corporation\CoProcManager\nvd3d9wrap.dll
Image Base: 0x71910000  Image Size: 0x00053000
File Size:  324128      File Time:  2014-03-21_175650
Version:
   Company:    NVIDIA Corporation
   Product:    NVIDIA D3D shim drivers
   FileDesc:   NVIDIA d3d9wrap dll, Version 332.88 
   FileVer:    9.18.13.3288
   ProdVer:    9.18.13.3288

Module 28
C:\Windows\system32\WINMM.dll
Image Base: 0x71d20000  Image Size: 0x00032000
File Size:  194048      File Time:  2010-11-21_052418
Version:
   Company:    Microsoft Corporation
   Product:    System operacyjny Microsoft® Windows®
   FileDesc:   MCI API DLL
   FileVer:    6.1.7601.17514
   ProdVer:    6.1.7601.17514

Module 29
C:\Windows\system32\DNSAPI.dll
Image Base: 0x72fd0000  Image Size: 0x00044000
File Size:  270336      File Time:  2010-11-21_052428
Version:
   Company:    Microsoft Corporation
   Product:    System operacyjny Microsoft® Windows®
   FileDesc:   Biblioteka DLL interfejsu API klienta us³ugi DNS
   FileVer:    6.1.7601.17514
   ProdVer:    6.1.7601.17514

Module 30
C:\Windows\system32\webio.dll
Image Base: 0x73020000  Image Size: 0x0004f000
File Size:  314880      File Time:  2010-11-21_052356
Version:
   Company:    Microsoft Corporation
   Product:    System operacyjny Microsoft® Windows®
   FileDesc:   Interfejs API protoko³ów transferu w sieci Web
   FileVer:    6.1.7601.17514
   ProdVer:    6.1.7601.17514

Module 31
C:\Windows\system32\WINHTTP.dll
Image Base: 0x73070000  Image Size: 0x00058000
File Size:  351232      File Time:  2010-11-21_052410
Version:
   Company:    Microsoft Corporation
   Product:    System operacyjny Microsoft® Windows®
   FileDesc:   Us³ugi Windows HTTP Services
   FileVer:    6.1.7601.17514
   ProdVer:    6.1.7601.17514

Module 32
C:\Windows\system32\WINNSI.DLL
Image Base: 0x731c0000  Image Size: 0x00007000
File Size:  16896       File Time:  2009-07-14_031620
Version:
   Company:    Microsoft Corporation
   Product:    Microsoft® Windows® Operating System
   FileDesc:   Network Store Information RPC interface
   FileVer:    6.1.7600.16385
   ProdVer:    6.1.7600.16385

Module 33
C:\Windows\system32\IPHLPAPI.DLL
Image Base: 0x731d0000  Image Size: 0x0001c000
File Size:  103936      File Time:  2010-11-21_052434
Version:
   Company:    Microsoft Corporation
   Product:    Microsoft® Windows® Operating System
   FileDesc:   IP Helper API
   FileVer:    6.1.7601.17514
   ProdVer:    6.1.7601.17514

Module 34
C:\Windows\system32\HID.DLL
Image Base: 0x74050000  Image Size: 0x00009000
File Size:  22016       File Time:  2009-07-14_031526
Version:
   Company:    Microsoft Corporation
   Product:    System operacyjny Microsoft® Windows®
   FileDesc:   Biblioteka u¿ytkownika HID
   FileVer:    6.1.7600.16385
   ProdVer:    6.1.7600.16385

Module 35
C:\Windows\system32\DCIMAN32.dll
Image Base: 0x74060000  Image Size: 0x00006000
File Size:  10240       File Time:  2009-07-14_031510
Version:
   Company:    Microsoft Corporation
   Product:    Microsoft® Windows® Operating System
   FileDesc:   DCI Manager
   FileVer:    6.1.7600.16385
   ProdVer:    6.1.7600.16385

Module 36
C:\Windows\system32\GLU32.dll
Image Base: 0x74070000  Image Size: 0x00022000
File Size:  130048      File Time:  2009-07-14_031524
Version:
   Company:    Microsoft Corporation
   Product:    System operacyjny Microsoft® Windows®
   FileDesc:   Biblioteka DLL OpenGL Utility Library
   FileVer:    6.1.7600.16385
   ProdVer:    6.1.7600.16385

Module 37
C:\Windows\system32\OPENGL32.dll
Image Base: 0x740b0000  Image Size: 0x000c8000
File Size:  791552      File Time:  2009-07-14_031614
Version:
   Company:    Microsoft Corporation
   Product:    Microsoft® Windows® Operating System
   FileDesc:   OpenGL Client DLL
   FileVer:    6.1.7600.16385
   ProdVer:    6.1.7600.16385

Module 38
C:\Windows\system32\dbghelp.dll
Image Base: 0x74670000  Image Size: 0x000eb000
File Size:  854016      File Time:  2010-11-21_052410
Version:
   Company:    Microsoft Corporation
   Product:    Microsoft® Windows® Operating System
   FileDesc:   Windows Image Helper
   FileVer:    6.1.7601.17514
   ProdVer:    6.1.7601.17514

Module 39
c:\windows\syswow64\nvinit.dll
Image Base: 0x75520000  Image Size: 0x0002a000
File Size:  141336      File Time:  2014-03-21_175650
Version:
   Company:    NVIDIA Corporation
   Product:    NVIDIA D3D shim drivers
   FileDesc:   NVIDIA shim initialization dll, Version 332.88 
   FileVer:    9.18.13.3288
   ProdVer:    9.18.13.3288

Module 40
C:\Windows\system32\VERSION.dll
Image Base: 0x755b0000  Image Size: 0x00009000
File Size:  21504       File Time:  2009-07-14_031618
Version:
   Company:    Microsoft Corporation
   Product:    Microsoft® Windows® Operating System
   FileDesc:   Version Checking and File Installation Libraries
   FileVer:    6.1.7600.16385
   ProdVer:    6.1.7600.16385

Module 41
C:\Windows\syswow64\CRYPTBASE.dll
Image Base: 0x75680000  Image Size: 0x0000c000
File Size:  36864       File Time:  2009-07-14_031508
Version:
   Company:    Microsoft Corporation
   Product:    Microsoft® Windows® Operating System
   FileDesc:   Base cryptographic API DLL
   FileVer:    6.1.7600.16385
   ProdVer:    6.1.7600.16385

Module 42
C:\Windows\syswow64\SspiCli.dll
Image Base: 0x75690000  Image Size: 0x00060000
File Size:  96768       File Time:  2010-11-21_052418
Version:
   Company:    Microsoft Corporation
   Product:    Microsoft® Windows® Operating System
   FileDesc:   Security Support Provider Interface
   FileVer:    6.1.7601.17514
   ProdVer:    6.1.7601.17514

Module 43
C:\Windows\syswow64\WINTRUST.dll
Image Base: 0x75750000  Image Size: 0x0002d000
File Size:  172032      File Time:  2010-11-21_052434
Version:
   Company:    Microsoft Corporation
   Product:    Microsoft® Windows® Operating System
   FileDesc:   Microsoft Trust Verification APIs
   FileVer:    6.1.7601.17514
   ProdVer:    6.1.7601.17514

Module 44
C:\Windows\syswow64\CFGMGR32.dll
Image Base: 0x75960000  Image Size: 0x00027000
File Size:  145920      File Time:  2010-11-21_052410
Version:
   Company:    Microsoft Corporation
   Product:    Microsoft® Windows® Operating System
   FileDesc:   Configuration Manager DLL
   FileVer:    6.1.7601.17514
   ProdVer:    6.1.7601.17514

Module 45
C:\Windows\syswow64\WS2_32.dll
Image Base: 0x75990000  Image Size: 0x00035000
File Size:  206848      File Time:  2010-11-21_052356
Version:
   Company:    Microsoft Corporation
   Product:    System operacyjny Microsoft® Windows®
   FileDesc:   Biblioteka DLL 32-bitowej wersji us³ugi Windows Socket 2.0
   FileVer:    6.1.7601.17514
   ProdVer:    6.1.7601.17514

Module 46
C:\Windows\syswow64\ADVAPI32.dll
Image Base: 0x75a20000  Image Size: 0x000a0000
File Size:  640512      File Time:  2010-11-21_052430
Version:
   Company:    Microsoft Corporation
   Product:    System operacyjny Microsoft® Windows®
   FileDesc:   Advanced Windows 32 Base API
   FileVer:    6.1.7601.17514
   ProdVer:    6.1.7601.17514

Module 47
C:\Windows\syswow64\GDI32.dll
Image Base: 0x75ac0000  Image Size: 0x00090000
File Size:  311296      File Time:  2010-11-21_052416
Version:
   Company:    Microsoft Corporation
   Product:    Microsoft® Windows® Operating System
   FileDesc:   GDI Client DLL
   FileVer:    6.1.7601.17514
   ProdVer:    6.1.7601.17514

Module 48
C:\Windows\syswow64\SHLWAPI.dll
Image Base: 0x75cd0000  Image Size: 0x00057000
File Size:  350208      File Time:  2010-11-21_052350
Version:
   Company:    Microsoft Corporation
   Product:    System operacyjny Microsoft® Windows®
   FileDesc:   Biblioteka dodatkowych narzêdzi pow³oki
   FileVer:    6.1.7601.17514
   ProdVer:    6.1.7601.17514

Module 49
C:\Windows\syswow64\msvcrt.dll
Image Base: 0x75d30000  Image Size: 0x000ac000
File Size:  690688      File Time:  2009-07-14_031552
Version:
   Company:    Microsoft Corporation
   Product:    Microsoft® Windows® Operating System
   FileDesc:   Windows NT CRT DLL
   FileVer:    7.0.7600.16385
   ProdVer:    6.1.8638.16385

Module 50
C:\Windows\syswow64\LPK.dll
Image Base: 0x75de0000  Image Size: 0x0000a000
File Size:  25600       File Time:  2009-07-14_031124
Version:
   Company:    Microsoft Corporation
   Product:    Microsoft® Windows® Operating System
   FileDesc:   Language Pack
   FileVer:    6.1.7600.16385
   ProdVer:    6.1.7600.16385

Module 51
C:\Windows\syswow64\SETUPAPI.dll
Image Base: 0x75df0000  Image Size: 0x0019d000
File Size:  1667584     File Time:  2010-11-21_052352
Version:
   Company:    Microsoft Corporation
   Product:    System operacyjny Microsoft® Windows®
   FileDesc:   Interfejs API Instalatora systemu Windows
   FileVer:    6.1.7601.17514
   ProdVer:    6.1.7601.17514

Module 52
C:\Windows\syswow64\OLEAUT32.dll
Image Base: 0x75f90000  Image Size: 0x0008f000
File Size:  571904      File Time:  2010-11-21_052402
Version:
   Company:    Microsoft Corporation
   Product:    
   FileDesc:   
   FileVer:    6.1.7601.17514
   ProdVer:    6.1.7601.17514

Module 53
C:\Windows\syswow64\MSCTF.dll
Image Base: 0x76020000  Image Size: 0x000cc000
File Size:  828928      File Time:  2009-07-14_031544
Version:
   Company:    Microsoft Corporation
   Product:    System operacyjny Microsoft® Windows®
   FileDesc:   Biblioteka DLL serwera MSCTF
   FileVer:    6.1.7600.16385
   ProdVer:    6.1.7600.16385

Module 54
C:\Windows\syswow64\USP10.dll
Image Base: 0x760f0000  Image Size: 0x0009d000
File Size:  626176      File Time:  2010-11-21_052418
Version:
   Company:    Microsoft Corporation
   Product:    Microsoft(R) Uniscribe Unicode script processor
   FileDesc:   Uniscribe Unicode script processor
   FileVer:    1.626.7601.17514
   ProdVer:    1.626.7601.17514

Module 55
C:\Windows\syswow64\MSASN1.dll
Image Base: 0x76190000  Image Size: 0x0000c000
File Size:  34304       File Time:  2010-11-21_052350
Version:
   Company:    Microsoft Corporation
   Product:    Microsoft® Windows® Operating System
   FileDesc:   ASN.1 Runtime APIs
   FileVer:    6.1.7601.17514
   ProdVer:    6.1.7601.17514

Module 56
C:\Windows\syswow64\SHELL32.dll
Image Base: 0x763a0000  Image Size: 0x00c4a000
File Size:  12872192    File Time:  2010-11-21_052404
Version:
   Company:    Microsoft Corporation
   Product:    System operacyjny Microsoft® Windows®
   FileDesc:   Wspólna biblioteka DLL Pow³oki systemu Windows
   FileVer:    6.1.7601.17514
   ProdVer:    6.1.7601.17514

Module 57
C:\Windows\syswow64\KERNELBASE.dll
Image Base: 0x76ff0000  Image Size: 0x00046000
File Size:  269824      File Time:  2010-11-21_052434
Version:
   Company:    Microsoft Corporation
   Product:    System operacyjny Microsoft® Windows®
   FileDesc:   Biblioteka DLL klienta Windows NT BASE API
   FileVer:    6.1.7601.17514
   ProdVer:    6.1.7601.17514

Module 58
C:\Windows\SysWOW64\sechost.dll
Image Base: 0x77040000  Image Size: 0x00019000
File Size:  92160       File Time:  2009-07-14_031614
Version:
   Company:    Microsoft Corporation
   Product:    Microsoft® Windows® Operating System
   FileDesc:   Host for SCM/SDDL/LSA Lookup APIs
   FileVer:    6.1.7600.16385
   ProdVer:    6.1.7600.16385

Module 59
C:\Windows\syswow64\IMM32.dll
Image Base: 0x77060000  Image Size: 0x00060000
File Size:  119808      File Time:  2010-11-21_052426
Version:
   Company:    Microsoft Corporation
   Product:    Microsoft® Windows® Operating System
   FileDesc:   Multi-User Windows IMM32 API Client DLL
   FileVer:    6.1.7601.17514
   ProdVer:    6.1.7601.17514

Module 60
C:\Windows\syswow64\ole32.dll
Image Base: 0x770c0000  Image Size: 0x0015c000
File Size:  1414144     File Time:  2010-11-21_052402
Version:
   Company:    Microsoft Corporation
   Product:    System operacyjny Microsoft® Windows®
   FileDesc:   Microsoft OLE for Windows
   FileVer:    6.1.7601.17514
   ProdVer:    6.1.7601.17514

Module 61
C:\Windows\syswow64\DEVOBJ.dll
Image Base: 0x77220000  Image Size: 0x00012000
File Size:  64512       File Time:  2009-07-14_031512
Version:
   Company:    Microsoft Corporation
   Product:    Microsoft® Windows® Operating System
   FileDesc:   Device Information Set DLL
   FileVer:    6.1.7600.16385
   ProdVer:    6.1.7600.16385

Module 62
C:\Windows\syswow64\USER32.dll
Image Base: 0x77240000  Image Size: 0x00100000
File Size:  833024      File Time:  2010-11-21_052422
Version:
   Company:    Microsoft Corporation
   Product:    System operacyjny Microsoft® Windows®
   FileDesc:   Wspó³u¿ytkowana biblioteka DLL klienta Windows USER API
   FileVer:    6.1.7601.17514
   ProdVer:    6.1.7601.17514

Module 63
C:\Windows\syswow64\NSI.dll
Image Base: 0x77340000  Image Size: 0x00006000
File Size:  8704        File Time:  2009-07-14_031612
Version:
   Company:    Microsoft Corporation
   Product:    Microsoft® Windows® Operating System
   FileDesc:   NSI User-mode interface DLL
   FileVer:    6.1.7600.16385
   ProdVer:    6.1.7600.16385

Module 64
C:\Windows\syswow64\CRYPT32.dll
Image Base: 0x77350000  Image Size: 0x0011d000
File Size:  1154048     File Time:  2010-11-21_052400
Version:
   Company:    Microsoft Corporation
   Product:    System operacyjny Microsoft® Windows®
   FileDesc:   Crypto API32
   FileVer:    6.1.7601.17514
   ProdVer:    6.1.7601.17514

Module 65
C:\Windows\syswow64\kernel32.dll
Image Base: 0x77470000  Image Size: 0x00110000
File Size:  837632      File Time:  2010-11-21_052416
Version:
   Company:    Microsoft Corporation
   Product:    System operacyjny Microsoft® Windows®
   FileDesc:   Biblioteka DLL klienta Windows NT BASE API
   FileVer:    6.1.7601.17514
   ProdVer:    6.1.7601.17514

Module 66
C:\Windows\syswow64\RPCRT4.dll
Image Base: 0x77580000  Image Size: 0x000f0000
File Size:  663040      File Time:  2010-11-21_052412
Version:
   Company:    Microsoft Corporation
   Product:    System operacyjny Microsoft® Windows®
   FileDesc:   Czas wykonania zdalnego wywo³ywania procedury
   FileVer:    6.1.7601.17514
   ProdVer:    6.1.7601.17514

Module 67
C:\Windows\syswow64\PSAPI.DLL
Image Base: 0x77b00000  Image Size: 0x00005000
File Size:  6144        File Time:  2009-07-14_031614
Version:
   Company:    Microsoft Corporation
   Product:    Microsoft® Windows® Operating System
   FileDesc:   Process Status Helper
   FileVer:    6.1.7600.16385
   ProdVer:    6.1.7600.16385

Module 68
C:\Windows\SysWOW64\ntdll.dll
Image Base: 0x77b30000  Image Size: 0x00180000
File Size:  1292096     File Time:  2010-11-21_052402
Version:
   Company:    Microsoft Corporation
   Product:    System operacyjny Microsoft® Windows®
   FileDesc:   Biblioteka NT Layer DLL
   FileVer:    6.1.7601.17514
   ProdVer:    6.1.7601.17514


== [end of error.log] ==
